<?xml version="1.0" encoding="UTF-8"?>
<!-- Generated by org.testng.reporters.JUnitReportReporter -->
<testsuite hostname="DESKTOP-L5E7PBD" failures="0" tests="1" name="testCases.TC_001_AccountRegistrationTest" time="11.931" errors="0" timestamp="2023-10-13T21:17:59 IST" skipped="0">
  <testcase classname="testCases.TC_001_AccountRegistrationTest" name="test_account_registration" time="11.931"/>
</testsuite> <!-- testCases.TC_001_AccountRegistrationTest -->
