<?xml version="1.0" encoding="UTF-8"?>
<!-- Generated by org.testng.reporters.JUnitReportReporter -->
<testsuite hostname="DESKTOP-L5E7PBD" failures="0" tests="1" name="testCases.TC_002_LoginTest" time="3.675" errors="0" timestamp="2023-10-13T21:17:59 IST" skipped="0">
  <testcase classname="testCases.TC_002_LoginTest" name="LoginTest" time="3.675"/>
</testsuite> <!-- testCases.TC_002_LoginTest -->
